-------------------------------------------------------------------------------
Test set: domainapp.modules.simple.integtests.tests.SimpleObject_IntegTest$DataNucleusId
-------------------------------------------------------------------------------
<<<<<<< Updated upstream
<<<<<<< Updated upstream
<<<<<<< Updated upstream
<<<<<<< Updated upstream
<<<<<<< HEAD
<<<<<<< develop
<<<<<<< Updated upstream
Tests run: 1, Failures: 0, Errors: 0, Skipped: 0, Time elapsed: 0.043 sec - in domainapp.modules.simple.integtests.tests.SimpleObject_IntegTest$DataNucleusId
=======
Tests run: 1, Failures: 0, Errors: 0, Skipped: 0, Time elapsed: 0.012 sec - in domainapp.modules.simple.integtests.tests.SimpleObject_IntegTest$DataNucleusId
>>>>>>> Stashed changes
=======
Tests run: 1, Failures: 0, Errors: 0, Skipped: 0, Time elapsed: 0.012 sec - in domainapp.modules.simple.integtests.tests.SimpleObject_IntegTest$DataNucleusId
>>>>>>> Se agrega codigo al existente
=======
Tests run: 1, Failures: 0, Errors: 0, Skipped: 0, Time elapsed: 0.012 sec - in domainapp.modules.simple.integtests.tests.SimpleObject_IntegTest$DataNucleusId
>>>>>>> package-tecnico
=======
Tests run: 1, Failures: 0, Errors: 0, Skipped: 0, Time elapsed: 0.015 sec - in domainapp.modules.simple.integtests.tests.SimpleObject_IntegTest$DataNucleusId
>>>>>>> Stashed changes
=======
Tests run: 1, Failures: 0, Errors: 0, Skipped: 0, Time elapsed: 0.015 sec - in domainapp.modules.simple.integtests.tests.SimpleObject_IntegTest$DataNucleusId
>>>>>>> Stashed changes
=======
Tests run: 1, Failures: 0, Errors: 0, Skipped: 0, Time elapsed: 0.015 sec - in domainapp.modules.simple.integtests.tests.SimpleObject_IntegTest$DataNucleusId
>>>>>>> Stashed changes
=======
Tests run: 1, Failures: 0, Errors: 0, Skipped: 0, Time elapsed: 0.015 sec - in domainapp.modules.simple.integtests.tests.SimpleObject_IntegTest$DataNucleusId
>>>>>>> Stashed changes
