-------------------------------------------------------------------------------
Test set: domainapp.modules.simple.integtests.tests.SimpleObjectMenu_IntegTest$Create
-------------------------------------------------------------------------------
<<<<<<< develop
<<<<<<< Updated upstream
Tests run: 2, Failures: 0, Errors: 0, Skipped: 0, Time elapsed: 0.194 sec - in domainapp.modules.simple.integtests.tests.SimpleObjectMenu_IntegTest$Create
=======
Tests run: 2, Failures: 0, Errors: 0, Skipped: 0, Time elapsed: 0.127 sec - in domainapp.modules.simple.integtests.tests.SimpleObjectMenu_IntegTest$Create
>>>>>>> Stashed changes
=======
Tests run: 2, Failures: 0, Errors: 0, Skipped: 0, Time elapsed: 0.127 sec - in domainapp.modules.simple.integtests.tests.SimpleObjectMenu_IntegTest$Create
>>>>>>> Se agrega codigo al existente
