-------------------------------------------------------------------------------
Test set: domainapp.modules.simple.integtests.tests.SimpleObject_IntegTest$DataNucleusVersionTimestamp
-------------------------------------------------------------------------------
<<<<<<< Updated upstream
<<<<<<< Updated upstream
<<<<<<< Updated upstream
<<<<<<< Updated upstream
<<<<<<< HEAD
<<<<<<< develop
<<<<<<< Updated upstream
Tests run: 1, Failures: 0, Errors: 0, Skipped: 0, Time elapsed: 3.818 sec - in domainapp.modules.simple.integtests.tests.SimpleObject_IntegTest$DataNucleusVersionTimestamp
=======
Tests run: 1, Failures: 0, Errors: 0, Skipped: 0, Time elapsed: 3.346 sec - in domainapp.modules.simple.integtests.tests.SimpleObject_IntegTest$DataNucleusVersionTimestamp
>>>>>>> Stashed changes
=======
Tests run: 1, Failures: 0, Errors: 0, Skipped: 0, Time elapsed: 3.346 sec - in domainapp.modules.simple.integtests.tests.SimpleObject_IntegTest$DataNucleusVersionTimestamp
>>>>>>> Se agrega codigo al existente
=======
Tests run: 1, Failures: 0, Errors: 0, Skipped: 0, Time elapsed: 3.346 sec - in domainapp.modules.simple.integtests.tests.SimpleObject_IntegTest$DataNucleusVersionTimestamp
>>>>>>> package-tecnico
=======
Tests run: 1, Failures: 0, Errors: 0, Skipped: 0, Time elapsed: 3.816 sec - in domainapp.modules.simple.integtests.tests.SimpleObject_IntegTest$DataNucleusVersionTimestamp
>>>>>>> Stashed changes
=======
Tests run: 1, Failures: 0, Errors: 0, Skipped: 0, Time elapsed: 3.816 sec - in domainapp.modules.simple.integtests.tests.SimpleObject_IntegTest$DataNucleusVersionTimestamp
>>>>>>> Stashed changes
=======
Tests run: 1, Failures: 0, Errors: 0, Skipped: 0, Time elapsed: 3.816 sec - in domainapp.modules.simple.integtests.tests.SimpleObject_IntegTest$DataNucleusVersionTimestamp
>>>>>>> Stashed changes
=======
Tests run: 1, Failures: 0, Errors: 0, Skipped: 0, Time elapsed: 3.816 sec - in domainapp.modules.simple.integtests.tests.SimpleObject_IntegTest$DataNucleusVersionTimestamp
>>>>>>> Stashed changes
