-------------------------------------------------------------------------------
Test set: domainapp.modules.simple.integtests.tests.SimpleObject_IntegTest$Name
-------------------------------------------------------------------------------
<<<<<<< Updated upstream
<<<<<<< Updated upstream
<<<<<<< HEAD
<<<<<<< develop
<<<<<<< Updated upstream
Tests run: 2, Failures: 0, Errors: 0, Skipped: 0, Time elapsed: 0.043 sec - in domainapp.modules.simple.integtests.tests.SimpleObject_IntegTest$Name
=======
Tests run: 2, Failures: 0, Errors: 0, Skipped: 0, Time elapsed: 0.03 sec - in domainapp.modules.simple.integtests.tests.SimpleObject_IntegTest$Name
>>>>>>> Stashed changes
=======
Tests run: 2, Failures: 0, Errors: 0, Skipped: 0, Time elapsed: 0.03 sec - in domainapp.modules.simple.integtests.tests.SimpleObject_IntegTest$Name
>>>>>>> Se agrega codigo al existente
=======
Tests run: 2, Failures: 0, Errors: 0, Skipped: 0, Time elapsed: 0.03 sec - in domainapp.modules.simple.integtests.tests.SimpleObject_IntegTest$Name
>>>>>>> package-tecnico
=======
Tests run: 2, Failures: 0, Errors: 0, Skipped: 0, Time elapsed: 0.033 sec - in domainapp.modules.simple.integtests.tests.SimpleObject_IntegTest$Name
>>>>>>> Stashed changes
=======
Tests run: 2, Failures: 0, Errors: 0, Skipped: 0, Time elapsed: 0.033 sec - in domainapp.modules.simple.integtests.tests.SimpleObject_IntegTest$Name
>>>>>>> Stashed changes
