-------------------------------------------------------------------------------
Test set: domainapp.modules.simple.integtests.tests.SimpleObjectMenu_IntegTest$ListAll
-------------------------------------------------------------------------------
<<<<<<< Updated upstream
<<<<<<< Updated upstream
<<<<<<< Updated upstream
<<<<<<< HEAD
<<<<<<< develop
<<<<<<< Updated upstream
Tests run: 2, Failures: 0, Errors: 0, Skipped: 0, Time elapsed: 0.086 sec - in domainapp.modules.simple.integtests.tests.SimpleObjectMenu_IntegTest$ListAll
=======
Tests run: 2, Failures: 0, Errors: 0, Skipped: 0, Time elapsed: 0.064 sec - in domainapp.modules.simple.integtests.tests.SimpleObjectMenu_IntegTest$ListAll
>>>>>>> Stashed changes
=======
Tests run: 2, Failures: 0, Errors: 0, Skipped: 0, Time elapsed: 0.064 sec - in domainapp.modules.simple.integtests.tests.SimpleObjectMenu_IntegTest$ListAll
>>>>>>> Se agrega codigo al existente
=======
Tests run: 2, Failures: 0, Errors: 0, Skipped: 0, Time elapsed: 0.064 sec - in domainapp.modules.simple.integtests.tests.SimpleObjectMenu_IntegTest$ListAll
>>>>>>> package-tecnico
=======
Tests run: 2, Failures: 0, Errors: 0, Skipped: 0, Time elapsed: 0.06 sec - in domainapp.modules.simple.integtests.tests.SimpleObjectMenu_IntegTest$ListAll
>>>>>>> Stashed changes
=======
Tests run: 2, Failures: 0, Errors: 0, Skipped: 0, Time elapsed: 0.06 sec - in domainapp.modules.simple.integtests.tests.SimpleObjectMenu_IntegTest$ListAll
>>>>>>> Stashed changes
=======
Tests run: 2, Failures: 0, Errors: 0, Skipped: 0, Time elapsed: 0.06 sec - in domainapp.modules.simple.integtests.tests.SimpleObjectMenu_IntegTest$ListAll
>>>>>>> Stashed changes
