-------------------------------------------------------------------------------
Test set: domainapp.application.integtests.smoke.Smoke_IntegTest
-------------------------------------------------------------------------------
<<<<<<< Updated upstream
<<<<<<< Updated upstream
<<<<<<< Updated upstream
<<<<<<< HEAD
<<<<<<< develop
<<<<<<< Updated upstream
Tests run: 1, Failures: 0, Errors: 0, Skipped: 0, Time elapsed: 0.264 sec - in domainapp.application.integtests.smoke.Smoke_IntegTest
=======
Tests run: 1, Failures: 0, Errors: 0, Skipped: 0, Time elapsed: 0.147 sec - in domainapp.application.integtests.smoke.Smoke_IntegTest
>>>>>>> Stashed changes
=======
Tests run: 1, Failures: 0, Errors: 0, Skipped: 0, Time elapsed: 0.147 sec - in domainapp.application.integtests.smoke.Smoke_IntegTest
>>>>>>> Se agrega codigo al existente
=======
Tests run: 1, Failures: 0, Errors: 0, Skipped: 0, Time elapsed: 0.147 sec - in domainapp.application.integtests.smoke.Smoke_IntegTest
>>>>>>> package-tecnico
=======
Tests run: 1, Failures: 0, Errors: 0, Skipped: 0, Time elapsed: 0.2 sec - in domainapp.application.integtests.smoke.Smoke_IntegTest
>>>>>>> Stashed changes
=======
Tests run: 1, Failures: 0, Errors: 0, Skipped: 0, Time elapsed: 0.2 sec - in domainapp.application.integtests.smoke.Smoke_IntegTest
>>>>>>> Stashed changes
=======
Tests run: 1, Failures: 0, Errors: 0, Skipped: 0, Time elapsed: 0.2 sec - in domainapp.application.integtests.smoke.Smoke_IntegTest
>>>>>>> Stashed changes
