-------------------------------------------------------------------------------
Test set: domainapp.application.bdd.specs.RunIntegBddSpecs
-------------------------------------------------------------------------------
<<<<<<< Updated upstream
<<<<<<< Updated upstream
<<<<<<< Updated upstream
<<<<<<< HEAD
<<<<<<< develop
<<<<<<< Updated upstream
Tests run: 4, Failures: 0, Errors: 0, Skipped: 0, Time elapsed: 4.012 sec - in domainapp.application.bdd.specs.RunIntegBddSpecs
=======
Tests run: 4, Failures: 0, Errors: 0, Skipped: 0, Time elapsed: 3.389 sec - in domainapp.application.bdd.specs.RunIntegBddSpecs
>>>>>>> Stashed changes
=======
Tests run: 4, Failures: 0, Errors: 0, Skipped: 0, Time elapsed: 3.389 sec - in domainapp.application.bdd.specs.RunIntegBddSpecs
>>>>>>> Se agrega codigo al existente
=======
Tests run: 4, Failures: 0, Errors: 0, Skipped: 0, Time elapsed: 3.389 sec - in domainapp.application.bdd.specs.RunIntegBddSpecs
>>>>>>> package-tecnico
=======
Tests run: 4, Failures: 0, Errors: 0, Skipped: 0, Time elapsed: 3.736 sec - in domainapp.application.bdd.specs.RunIntegBddSpecs
>>>>>>> Stashed changes
=======
Tests run: 4, Failures: 0, Errors: 0, Skipped: 0, Time elapsed: 3.736 sec - in domainapp.application.bdd.specs.RunIntegBddSpecs
>>>>>>> Stashed changes
=======
Tests run: 4, Failures: 0, Errors: 0, Skipped: 0, Time elapsed: 3.736 sec - in domainapp.application.bdd.specs.RunIntegBddSpecs
>>>>>>> Stashed changes
