-------------------------------------------------------------------------------
Test set: domainapp.modules.simple.dom.impl.SimpleObjects_Test$ListAll
-------------------------------------------------------------------------------
<<<<<<< Updated upstream
<<<<<<< Updated upstream
<<<<<<< Updated upstream
<<<<<<< Updated upstream
<<<<<<< HEAD
<<<<<<< develop
<<<<<<< Updated upstream
Tests run: 1, Failures: 0, Errors: 0, Skipped: 0, Time elapsed: 0.327 sec - in domainapp.modules.simple.dom.impl.SimpleObjects_Test$ListAll
=======
Tests run: 1, Failures: 0, Errors: 0, Skipped: 0, Time elapsed: 0.187 sec - in domainapp.modules.simple.dom.impl.SimpleObjects_Test$ListAll
>>>>>>> Stashed changes
=======
Tests run: 1, Failures: 0, Errors: 0, Skipped: 0, Time elapsed: 0.187 sec - in domainapp.modules.simple.dom.impl.SimpleObjects_Test$ListAll
>>>>>>> Se agrega codigo al existente
=======
Tests run: 1, Failures: 0, Errors: 0, Skipped: 0, Time elapsed: 0.187 sec - in domainapp.modules.simple.dom.impl.SimpleObjects_Test$ListAll
>>>>>>> package-tecnico
=======
Tests run: 1, Failures: 0, Errors: 0, Skipped: 0, Time elapsed: 0.368 sec - in domainapp.modules.simple.dom.impl.SimpleObjects_Test$ListAll
>>>>>>> Stashed changes
=======
Tests run: 1, Failures: 0, Errors: 0, Skipped: 0, Time elapsed: 0.368 sec - in domainapp.modules.simple.dom.impl.SimpleObjects_Test$ListAll
>>>>>>> Stashed changes
=======
Tests run: 1, Failures: 0, Errors: 0, Skipped: 0, Time elapsed: 0.368 sec - in domainapp.modules.simple.dom.impl.SimpleObjects_Test$ListAll
>>>>>>> Stashed changes
=======
Tests run: 1, Failures: 0, Errors: 0, Skipped: 0, Time elapsed: 0.368 sec - in domainapp.modules.simple.dom.impl.SimpleObjects_Test$ListAll
>>>>>>> Stashed changes
